[ 2017-04-17T09:50:21+08:00 ] 127.0.0.1 /admin.php?m=Home&c=Dept&a=dept_add
ERR: 1064:You have an error in your SQL syntax; check the manual that corresponds to your MariaDB server version for the right syntax to use near '' at line 1
 [ SQL语句 ] : SELECT *,concat(path,',',id) as paths FROM `dept_type` ORDER BY path, 

[ 2017-04-17T09:50:31+08:00 ] 127.0.0.1 /admin.php?m=Home&c=Dept&a=dept_add
ERR: 1064:You have an error in your SQL syntax; check the manual that corresponds to your MariaDB server version for the right syntax to use near '' at line 1
 [ SQL语句 ] : SELECT *,concat(path,',',id) as paths FROM `dept_type` ORDER BY path, 

[ 2017-04-17T11:03:23+08:00 ] 127.0.0.1 /admin.php/Home/Buy/article-zhang.html
ERR: 非法操作:article-zhang

[ 2017-04-17T11:03:30+08:00 ] 127.0.0.1 /admin.php/Home/Buy/article-zhang.html
ERR: 非法操作:article-zhang

[ 2017-04-17T11:05:19+08:00 ] 127.0.0.1 /admin.php/Home/Buy/
INFO: [ app_begin ] --START--
INFO: Run Behavior\ReadHtmlCacheBehavior [ RunTime:0.004713s ]
INFO: [ app_begin ] --END-- [ RunTime:0.006182s ]
SQL: SHOW COLUMNS FROM `buybak` [ RunTime:0.0044s ]
SQL: SELECT * FROM `buybak`  [ RunTime:0.0004s ]
INFO: [ view_parse ] --START--
INFO: [ template_filter ] --START--
INFO: Run Behavior\ContentReplaceBehavior [ RunTime:0.000095s ]
INFO: [ template_filter ] --END-- [ RunTime:0.000137s ]
INFO: Run Behavior\ParseTemplateBehavior [ RunTime:0.013088s ]
INFO: [ view_parse ] --END-- [ RunTime:0.013126s ]
INFO: [ view_filter ] --START--
INFO: Run Behavior\WriteHtmlCacheBehavior [ RunTime:0.000582s ]
INFO: [ view_filter ] --END-- [ RunTime:0.000605s ]
INFO: [ app_end ] --START--
INFO: Run Behavior\ShowPageTraceBehavior [ RunTime:0.001664s ]
INFO: [ app_end ] --END-- [ RunTime:0.001732s ]

[ 2017-04-17T15:51:47+08:00 ] 127.0.0.1 /admin.php/Home/Buy/article-zhang.html
ERR: 非法操作:article-zhang

[ 2017-04-17T16:57:36+08:00 ] 127.0.0.1 /admin.php/Home/Buy/article-zhang.html
ERR: 非法操作:article-zhang

[ 2017-04-17T16:57:48+08:00 ] 127.0.0.1 /admin.php/Home/Buy/article-zhang.html
ERR: 非法操作:article-zhang

